This is pdfTeX, Version 3.1415926-2.5-1.40.14 (TeX Live 2013/Debian) (format=pdflatex 2016.3.7)  6 NOV 2016 19:11
entering extended mode
 restricted \write18 enabled.
 %&-line parsing enabled.
**Mayaleng.tex
(./Mayaleng.tex
LaTeX2e <2011/06/27>
Babel <3.9h> and hyphenation patterns for 78 languages loaded.
(/usr/share/texlive/texmf-dist/tex/latex/base/article.cls
Document Class: article 2007/10/19 v1.4h Standard LaTeX document class
(/usr/share/texlive/texmf-dist/tex/latex/base/size11.clo
File: size11.clo 2007/10/19 v1.4h Standard LaTeX file (size option)
)
\c@part=\count79
\c@section=\count80
\c@subsection=\count81
\c@subsubsection=\count82
\c@paragraph=\count83
\c@subparagraph=\count84
\c@figure=\count85
\c@table=\count86
\abovecaptionskip=\skip41
\belowcaptionskip=\skip42
\bibindent=\dimen102
)
(/usr/share/texlive/texmf-dist/tex/generic/babel/babel.sty
Package: babel 2013/12/03 3.9h The Babel package

(/usr/share/texlive/texmf-dist/tex/generic/babel-spanish/spanish.ldf
Language: spanish.ldf 2014/01/29 v5.0m Spanish support from the babel system

(/usr/share/texlive/texmf-dist/tex/generic/babel/babel.def
File: babel.def 2013/12/03 3.9h Babel common definitions
\babel@savecnt=\count87
\U@D=\dimen103
)
\es@datefmt=\count88
\es@quottoks=\toks14
\es@quotdepth=\count89
Package babel Info: Making " an active character on input line 496.
Package babel Info: Making . an active character on input line 599.
Package babel Info: Making < an active character on input line 644.
Package babel Info: Making > an active character on input line 644.
))
(/usr/share/texlive/texmf-dist/tex/latex/graphics/graphicx.sty
Package: graphicx 1999/02/16 v1.0f Enhanced LaTeX Graphics (DPC,SPQR)

(/usr/share/texlive/texmf-dist/tex/latex/graphics/keyval.sty
Package: keyval 1999/03/16 v1.13 key=value parser (DPC)
\KV@toks@=\toks15
)
(/usr/share/texlive/texmf-dist/tex/latex/graphics/graphics.sty
Package: graphics 2009/02/05 v1.0o Standard LaTeX Graphics (DPC,SPQR)

(/usr/share/texlive/texmf-dist/tex/latex/graphics/trig.sty
Package: trig 1999/03/16 v1.09 sin cos tan (DPC)
)
(/usr/share/texlive/texmf-dist/tex/latex/latexconfig/graphics.cfg
File: graphics.cfg 2010/04/23 v1.9 graphics configuration of TeX Live
)
Package graphics Info: Driver file: pdftex.def on input line 91.

(/usr/share/texlive/texmf-dist/tex/latex/pdftex-def/pdftex.def
File: pdftex.def 2011/05/27 v0.06d Graphics/color for pdfTeX

(/usr/share/texlive/texmf-dist/tex/generic/oberdiek/infwarerr.sty
Package: infwarerr 2010/04/08 v1.3 Providing info/warning/error messages (HO)
)
(/usr/share/texlive/texmf-dist/tex/generic/oberdiek/ltxcmds.sty
Package: ltxcmds 2011/11/09 v1.22 LaTeX kernel commands for general use (HO)
)
\Gread@gobject=\count90
))
\Gin@req@height=\dimen104
\Gin@req@width=\dimen105
)
(/usr/share/texlive/texmf-dist/tex/latex/amsfonts/amssymb.sty
Package: amssymb 2013/01/14 v3.01 AMS font symbols

(/usr/share/texlive/texmf-dist/tex/latex/amsfonts/amsfonts.sty
Package: amsfonts 2013/01/14 v3.01 Basic AMSFonts support
\@emptytoks=\toks16
\symAMSa=\mathgroup4
\symAMSb=\mathgroup5
LaTeX Font Info:    Overwriting math alphabet `\mathfrak' in version `bold'
(Font)                  U/euf/m/n --> U/euf/b/n on input line 106.
))
(/usr/share/texlive/texmf-dist/tex/latex/fancyhdr/fancyhdr.sty
\fancy@headwidth=\skip43
\f@ncyO@elh=\skip44
\f@ncyO@erh=\skip45
\f@ncyO@olh=\skip46
\f@ncyO@orh=\skip47
\f@ncyO@elf=\skip48
\f@ncyO@erf=\skip49
\f@ncyO@olf=\skip50
\f@ncyO@orf=\skip51
)
(/usr/share/texlive/texmf-dist/tex/latex/multirow/multirow.sty
\bigstrutjot=\dimen106
)
(/usr/share/texlive/texmf-dist/tex/latex/base/inputenc.sty
Package: inputenc 2008/03/30 v1.1d Input encoding file
\inpenc@prehook=\toks17
\inpenc@posthook=\toks18

(/usr/share/texlive/texmf-dist/tex/latex/base/utf8.def
File: utf8.def 2008/04/05 v1.1m UTF-8 support for inputenc
Now handling font encoding OML ...
... no UTF-8 mapping file for font encoding OML
Now handling font encoding T1 ...
... processing UTF-8 mapping file for font encoding T1

(/usr/share/texlive/texmf-dist/tex/latex/base/t1enc.dfu
File: t1enc.dfu 2008/04/05 v1.1m UTF-8 support for inputenc
   defining Unicode char U+00A1 (decimal 161)
   defining Unicode char U+00A3 (decimal 163)
   defining Unicode char U+00AB (decimal 171)
   defining Unicode char U+00BB (decimal 187)
   defining Unicode char U+00BF (decimal 191)
   defining Unicode char U+00C0 (decimal 192)
   defining Unicode char U+00C1 (decimal 193)
   defining Unicode char U+00C2 (decimal 194)
   defining Unicode char U+00C3 (decimal 195)
   defining Unicode char U+00C4 (decimal 196)
   defining Unicode char U+00C5 (decimal 197)
   defining Unicode char U+00C6 (decimal 198)
   defining Unicode char U+00C7 (decimal 199)
   defining Unicode char U+00C8 (decimal 200)
   defining Unicode char U+00C9 (decimal 201)
   defining Unicode char U+00CA (decimal 202)
   defining Unicode char U+00CB (decimal 203)
   defining Unicode char U+00CC (decimal 204)
   defining Unicode char U+00CD (decimal 205)
   defining Unicode char U+00CE (decimal 206)
   defining Unicode char U+00CF (decimal 207)
   defining Unicode char U+00D0 (decimal 208)
   defining Unicode char U+00D1 (decimal 209)
   defining Unicode char U+00D2 (decimal 210)
   defining Unicode char U+00D3 (decimal 211)
   defining Unicode char U+00D4 (decimal 212)
   defining Unicode char U+00D5 (decimal 213)
   defining Unicode char U+00D6 (decimal 214)
   defining Unicode char U+00D8 (decimal 216)
   defining Unicode char U+00D9 (decimal 217)
   defining Unicode char U+00DA (decimal 218)
   defining Unicode char U+00DB (decimal 219)
   defining Unicode char U+00DC (decimal 220)
   defining Unicode char U+00DD (decimal 221)
   defining Unicode char U+00DE (decimal 222)
   defining Unicode char U+00DF (decimal 223)
   defining Unicode char U+00E0 (decimal 224)
   defining Unicode char U+00E1 (decimal 225)
   defining Unicode char U+00E2 (decimal 226)
   defining Unicode char U+00E3 (decimal 227)
   defining Unicode char U+00E4 (decimal 228)
   defining Unicode char U+00E5 (decimal 229)
   defining Unicode char U+00E6 (decimal 230)
   defining Unicode char U+00E7 (decimal 231)
   defining Unicode char U+00E8 (decimal 232)
   defining Unicode char U+00E9 (decimal 233)
   defining Unicode char U+00EA (decimal 234)
   defining Unicode char U+00EB (decimal 235)
   defining Unicode char U+00EC (decimal 236)
   defining Unicode char U+00ED (decimal 237)
   defining Unicode char U+00EE (decimal 238)
   defining Unicode char U+00EF (decimal 239)
   defining Unicode char U+00F0 (decimal 240)
   defining Unicode char U+00F1 (decimal 241)
   defining Unicode char U+00F2 (decimal 242)
   defining Unicode char U+00F3 (decimal 243)
   defining Unicode char U+00F4 (decimal 244)
   defining Unicode char U+00F5 (decimal 245)
   defining Unicode char U+00F6 (decimal 246)
   defining Unicode char U+00F8 (decimal 248)
   defining Unicode char U+00F9 (decimal 249)
   defining Unicode char U+00FA (decimal 250)
   defining Unicode char U+00FB (decimal 251)
   defining Unicode char U+00FC (decimal 252)
   defining Unicode char U+00FD (decimal 253)
   defining Unicode char U+00FE (decimal 254)
   defining Unicode char U+00FF (decimal 255)
   defining Unicode char U+0102 (decimal 258)
   defining Unicode char U+0103 (decimal 259)
   defining Unicode char U+0104 (decimal 260)
   defining Unicode char U+0105 (decimal 261)
   defining Unicode char U+0106 (decimal 262)
   defining Unicode char U+0107 (decimal 263)
   defining Unicode char U+010C (decimal 268)
   defining Unicode char U+010D (decimal 269)
   defining Unicode char U+010E (decimal 270)
   defining Unicode char U+010F (decimal 271)
   defining Unicode char U+0110 (decimal 272)
   defining Unicode char U+0111 (decimal 273)
   defining Unicode char U+0118 (decimal 280)
   defining Unicode char U+0119 (decimal 281)
   defining Unicode char U+011A (decimal 282)
   defining Unicode char U+011B (decimal 283)
   defining Unicode char U+011E (decimal 286)
   defining Unicode char U+011F (decimal 287)
   defining Unicode char U+0130 (decimal 304)
   defining Unicode char U+0131 (decimal 305)
   defining Unicode char U+0132 (decimal 306)
   defining Unicode char U+0133 (decimal 307)
   defining Unicode char U+0139 (decimal 313)
   defining Unicode char U+013A (decimal 314)
   defining Unicode char U+013D (decimal 317)
   defining Unicode char U+013E (decimal 318)
   defining Unicode char U+0141 (decimal 321)
   defining Unicode char U+0142 (decimal 322)
   defining Unicode char U+0143 (decimal 323)
   defining Unicode char U+0144 (decimal 324)
   defining Unicode char U+0147 (decimal 327)
   defining Unicode char U+0148 (decimal 328)
   defining Unicode char U+014A (decimal 330)
   defining Unicode char U+014B (decimal 331)
   defining Unicode char U+0150 (decimal 336)
   defining Unicode char U+0151 (decimal 337)
   defining Unicode char U+0152 (decimal 338)
   defining Unicode char U+0153 (decimal 339)
   defining Unicode char U+0154 (decimal 340)
   defining Unicode char U+0155 (decimal 341)
   defining Unicode char U+0158 (decimal 344)
   defining Unicode char U+0159 (decimal 345)
   defining Unicode char U+015A (decimal 346)
   defining Unicode char U+015B (decimal 347)
   defining Unicode char U+015E (decimal 350)
   defining Unicode char U+015F (decimal 351)
   defining Unicode char U+0160 (decimal 352)
   defining Unicode char U+0161 (decimal 353)
   defining Unicode char U+0162 (decimal 354)
   defining Unicode char U+0163 (decimal 355)
   defining Unicode char U+0164 (decimal 356)
   defining Unicode char U+0165 (decimal 357)
   defining Unicode char U+016E (decimal 366)
   defining Unicode char U+016F (decimal 367)
   defining Unicode char U+0170 (decimal 368)
   defining Unicode char U+0171 (decimal 369)
   defining Unicode char U+0178 (decimal 376)
   defining Unicode char U+0179 (decimal 377)
   defining Unicode char U+017A (decimal 378)
   defining Unicode char U+017B (decimal 379)
   defining Unicode char U+017C (decimal 380)
   defining Unicode char U+017D (decimal 381)
   defining Unicode char U+017E (decimal 382)
   defining Unicode char U+200C (decimal 8204)
   defining Unicode char U+2013 (decimal 8211)
   defining Unicode char U+2014 (decimal 8212)
   defining Unicode char U+2018 (decimal 8216)
   defining Unicode char U+2019 (decimal 8217)
   defining Unicode char U+201A (decimal 8218)
   defining Unicode char U+201C (decimal 8220)
   defining Unicode char U+201D (decimal 8221)
   defining Unicode char U+201E (decimal 8222)
   defining Unicode char U+2030 (decimal 8240)
   defining Unicode char U+2031 (decimal 8241)
   defining Unicode char U+2039 (decimal 8249)
   defining Unicode char U+203A (decimal 8250)
   defining Unicode char U+2423 (decimal 9251)
)
Now handling font encoding OT1 ...
... processing UTF-8 mapping file for font encoding OT1

(/usr/share/texlive/texmf-dist/tex/latex/base/ot1enc.dfu
File: ot1enc.dfu 2008/04/05 v1.1m UTF-8 support for inputenc
   defining Unicode char U+00A1 (decimal 161)
   defining Unicode char U+00A3 (decimal 163)
   defining Unicode char U+00B8 (decimal 184)
   defining Unicode char U+00BF (decimal 191)
   defining Unicode char U+00C5 (decimal 197)
   defining Unicode char U+00C6 (decimal 198)
   defining Unicode char U+00D8 (decimal 216)
   defining Unicode char U+00DF (decimal 223)
   defining Unicode char U+00E6 (decimal 230)
   defining Unicode char U+00EC (decimal 236)
   defining Unicode char U+00ED (decimal 237)
   defining Unicode char U+00EE (decimal 238)
   defining Unicode char U+00EF (decimal 239)
   defining Unicode char U+00F8 (decimal 248)
   defining Unicode char U+0131 (decimal 305)
   defining Unicode char U+0141 (decimal 321)
   defining Unicode char U+0142 (decimal 322)
   defining Unicode char U+0152 (decimal 338)
   defining Unicode char U+0153 (decimal 339)
   defining Unicode char U+2013 (decimal 8211)
   defining Unicode char U+2014 (decimal 8212)
   defining Unicode char U+2018 (decimal 8216)
   defining Unicode char U+2019 (decimal 8217)
   defining Unicode char U+201C (decimal 8220)
   defining Unicode char U+201D (decimal 8221)
)
Now handling font encoding OMS ...
... processing UTF-8 mapping file for font encoding OMS

(/usr/share/texlive/texmf-dist/tex/latex/base/omsenc.dfu
File: omsenc.dfu 2008/04/05 v1.1m UTF-8 support for inputenc
   defining Unicode char U+00A7 (decimal 167)
   defining Unicode char U+00B6 (decimal 182)
   defining Unicode char U+00B7 (decimal 183)
   defining Unicode char U+2020 (decimal 8224)
   defining Unicode char U+2021 (decimal 8225)
   defining Unicode char U+2022 (decimal 8226)
)
Now handling font encoding OMX ...
... no UTF-8 mapping file for font encoding OMX
Now handling font encoding U ...
... no UTF-8 mapping file for font encoding U
   defining Unicode char U+00A9 (decimal 169)
   defining Unicode char U+00AA (decimal 170)
   defining Unicode char U+00AE (decimal 174)
   defining Unicode char U+00BA (decimal 186)
   defining Unicode char U+02C6 (decimal 710)
   defining Unicode char U+02DC (decimal 732)
   defining Unicode char U+200C (decimal 8204)
   defining Unicode char U+2026 (decimal 8230)
   defining Unicode char U+2122 (decimal 8482)
   defining Unicode char U+2423 (decimal 9251)
))
(/usr/share/texlive/texmf-dist/tex/latex/float/float.sty
Package: float 2001/11/08 v1.3d Float enhancements (AL)
\c@float@type=\count91
\float@exts=\toks19
\float@box=\box26
\@float@everytoks=\toks20
\@floatcapt=\box27
)
(/usr/share/texlive/texmf-dist/tex/latex/graphics/color.sty
Package: color 2005/11/14 v1.0j Standard LaTeX Color (DPC)

(/usr/share/texlive/texmf-dist/tex/latex/latexconfig/color.cfg
File: color.cfg 2007/01/18 v1.5 color configuration of teTeX/TeXLive
)
Package color Info: Driver file: pdftex.def on input line 130.
)
(/usr/share/texlive/texmf-dist/tex/latex/listings/listings.sty
\lst@mode=\count92
\lst@gtempboxa=\box28
\lst@token=\toks21
\lst@length=\count93
\lst@currlwidth=\dimen107
\lst@column=\count94
\lst@pos=\count95
\lst@lostspace=\dimen108
\lst@width=\dimen109
\lst@newlines=\count96
\lst@lineno=\count97
\lst@maxwidth=\dimen110

(/usr/share/texlive/texmf-dist/tex/latex/listings/lstmisc.sty
File: lstmisc.sty 2013/08/26 1.5b (Carsten Heinz)
\c@lstnumber=\count98
\lst@skipnumbers=\count99
\lst@framebox=\box29
)
(/usr/share/texlive/texmf-dist/tex/latex/listings/listings.cfg
File: listings.cfg 2013/08/26 1.5b listings configuration
))
Package: listings 2013/08/26 1.5b (Carsten Heinz)


LaTeX Warning: Unused global option(s):
    [openright].

(./Mayaleng.aux (./glosarioacronimos.aux)
LaTeX Info: Redefining \. on input line 7.
LaTeX Info: Redefining \% on input line 7.
)
\openout1 = `Mayaleng.aux'.

LaTeX Font Info:    Checking defaults for OML/cmm/m/it on input line 14.
LaTeX Font Info:    ... okay on input line 14.
LaTeX Font Info:    Checking defaults for T1/cmr/m/n on input line 14.
LaTeX Font Info:    ... okay on input line 14.
LaTeX Font Info:    Checking defaults for OT1/cmr/m/n on input line 14.
LaTeX Font Info:    ... okay on input line 14.
LaTeX Font Info:    Checking defaults for OMS/cmsy/m/n on input line 14.
LaTeX Font Info:    ... okay on input line 14.
LaTeX Font Info:    Checking defaults for OMX/cmex/m/n on input line 14.
LaTeX Font Info:    ... okay on input line 14.
LaTeX Font Info:    Checking defaults for U/cmr/m/n on input line 14.
LaTeX Font Info:    ... okay on input line 14.
LaTeX Info: Redefining \. on input line 14.
LaTeX Info: Redefining \% on input line 14.

(/usr/share/texlive/texmf-dist/tex/context/base/supp-pdf.mkii
[Loading MPS to PDF converter (version 2006.09.02).]
\scratchcounter=\count100
\scratchdimen=\dimen111
\scratchbox=\box30
\nofMPsegments=\count101
\nofMParguments=\count102
\everyMPshowfont=\toks22
\MPscratchCnt=\count103
\MPscratchDim=\dimen112
\MPnumerator=\count104
\makeMPintoPDFobject=\count105
\everyMPtoPDFconversion=\toks23
) (/usr/share/texlive/texmf-dist/tex/generic/oberdiek/pdftexcmds.sty
Package: pdftexcmds 2011/11/29 v0.20 Utility functions of pdfTeX for LuaTeX (HO
)

(/usr/share/texlive/texmf-dist/tex/generic/oberdiek/ifluatex.sty
Package: ifluatex 2010/03/01 v1.3 Provides the ifluatex switch (HO)
Package ifluatex Info: LuaTeX not detected.
)
(/usr/share/texlive/texmf-dist/tex/generic/oberdiek/ifpdf.sty
Package: ifpdf 2011/01/30 v2.3 Provides the ifpdf switch (HO)
Package ifpdf Info: pdfTeX in PDF mode is detected.
)
Package pdftexcmds Info: LuaTeX not detected.
Package pdftexcmds Info: \pdf@primitive is available.
Package pdftexcmds Info: \pdf@ifprimitive is available.
Package pdftexcmds Info: \pdfdraftmode found.
)
(/usr/share/texlive/texmf-dist/tex/latex/oberdiek/epstopdf-base.sty
Package: epstopdf-base 2010/02/09 v2.5 Base part for package epstopdf

(/usr/share/texlive/texmf-dist/tex/latex/oberdiek/grfext.sty
Package: grfext 2010/08/19 v1.1 Manage graphics extensions (HO)

(/usr/share/texlive/texmf-dist/tex/generic/oberdiek/kvdefinekeys.sty
Package: kvdefinekeys 2011/04/07 v1.3 Define keys (HO)
))
(/usr/share/texlive/texmf-dist/tex/latex/oberdiek/kvoptions.sty
Package: kvoptions 2011/06/30 v3.11 Key value format for package options (HO)

(/usr/share/texlive/texmf-dist/tex/generic/oberdiek/kvsetkeys.sty
Package: kvsetkeys 2012/04/25 v1.16 Key value parser (HO)

(/usr/share/texlive/texmf-dist/tex/generic/oberdiek/etexcmds.sty
Package: etexcmds 2011/02/16 v1.5 Avoid name clashes with e-TeX commands (HO)
Package etexcmds Info: Could not find \expanded.
(etexcmds)             That can mean that you are not using pdfTeX 1.50 or
(etexcmds)             that some package has redefined \expanded.
(etexcmds)             In the latter case, load this package earlier.
)))
Package grfext Info: Graphics extension search list:
(grfext)             [.png,.pdf,.jpg,.mps,.jpeg,.jbig2,.jb2,.PNG,.PDF,.JPG,.JPE
G,.JBIG2,.JB2,.eps]
(grfext)             \AppendGraphicsExtensions on input line 452.

(/usr/share/texlive/texmf-dist/tex/latex/latexconfig/epstopdf-sys.cfg
File: epstopdf-sys.cfg 2010/07/13 v1.3 Configuration of (r)epstopdf for TeX Liv
e
))
\c@lstlisting=\count106
\openout2 = `glosarioacronimos.aux'.


No file glosarioacronimos.tex.
<ug.png, id=1, 155.8623pt x 75.1608pt>
File: ug.png Graphic file (type png)
 <use ug.png>
Package pdftex.def Info: ug.png used on input line 27.
(pdftex.def)             Requested size: 284.52756pt x 137.22176pt.

<ml.png, id=3, 128.48pt x 77.28876pt>
File: ml.png Graphic file (type png)
 <use ml.png>
Package pdftex.def Info: ml.png used on input line 43.
(pdftex.def)             Requested size: 113.81102pt x 68.46599pt.
 [1



{/var/lib/texmf/fonts/map/pdftex/updmap/pdftex.map} <./ug.png> <./ml.png>] (./M
ayaleng.toc
LaTeX Info: Redefining \. on input line 1.
LaTeX Info: Redefining \% on input line 1.
LaTeX Font Info:    Try loading font information for U+msa on input line 4.

(/usr/share/texlive/texmf-dist/tex/latex/amsfonts/umsa.fd
File: umsa.fd 2013/01/14 v3.01 AMS symbols A
)
LaTeX Font Info:    Try loading font information for U+msb on input line 4.

(/usr/share/texlive/texmf-dist/tex/latex/amsfonts/umsb.fd
File: umsb.fd 2013/01/14 v3.01 AMS symbols B
) [1])
\tf@toc=\write3
\openout3 = `Mayaleng.toc'.

 [2]
(./Mayaleng.lof
LaTeX Info: Redefining \. on input line 1.
LaTeX Info: Redefining \% on input line 1.
)
\tf@lof=\write4
\openout4 = `Mayaleng.lof'.

 [3

] (./Mayaleng.lot
LaTeX Info: Redefining \. on input line 1.
LaTeX Info: Redefining \% on input line 1.
)
\tf@lot=\write5
\openout5 = `Mayaleng.lot'.

 [4

]
Underfull \hbox (badness 10000) in paragraph at lines 79--80

 []


Underfull \hbox (badness 10000) in paragraph at lines 81--82

 []


Underfull \hbox (badness 10000) in paragraph at lines 83--84

 []


Underfull \hbox (badness 10000) in paragraph at lines 85--86

 []

LaTeX Info: Redefining \. on input line 88.
LaTeX Info: Redefining \% on input line 88.

Package Fancyhdr Warning: \headheight is too small (12.0pt): 
 Make it at least 14.4521pt.
 We now make it that large for the rest of the document.
 This may cause the page layout to be inconsistent, however.

File: ml.png Graphic file (type png)
<use ml.png>
Package pdftex.def Info: ml.png used on input line 88.
(pdftex.def)             Requested size: 28.80066pt x 17.32553pt.
 [5]
LaTeX Info: Redefining \. on input line 99.
LaTeX Info: Redefining \% on input line 99.
File: ml.png Graphic file (type png)
 <use ml.png>
Package pdftex.def Info: ml.png used on input line 99.
(pdftex.def)             Requested size: 28.80066pt x 17.32553pt.
 [6]
Underfull \hbox (badness 10000) in paragraph at lines 103--104

 []


Underfull \hbox (badness 10000) in paragraph at lines 105--106

 []


Underfull \hbox (badness 10000) in paragraph at lines 107--108

 []

LaTeX Info: Redefining \. on input line 108.
LaTeX Info: Redefining \% on input line 108.
File: ml.png Graphic file (type png)
<use ml.png>
Package pdftex.def Info: ml.png used on input line 108.
(pdftex.def)             Requested size: 28.80066pt x 17.32553pt.
 [7] <e1.png, id=39, 726.715pt x 270.00874pt>
File: e1.png Graphic file (type png)
 <use e1.png>
Package pdftex.def Info: e1.png used on input line 114.
(pdftex.def)             Requested size: 360.0pt x 133.7598pt.

<e2.png, id=40, 750.805pt x 358.33875pt>
File: e2.png Graphic file (type png)
 <use e2.png>
Package pdftex.def Info: e2.png used on input line 120.
(pdftex.def)             Requested size: 360.0pt x 171.8202pt.

<e3.png, id=41, 751.80875pt x 319.1925pt>
File: e3.png Graphic file (type png)
 <use e3.png>
Package pdftex.def Info: e3.png used on input line 126.
(pdftex.def)             Requested size: 360.0pt x 152.84537pt.

<e4.png, id=42, 749.80125pt x 348.30125pt>
File: e4.png Graphic file (type png)
 <use e4.png>
Package pdftex.def Info: e4.png used on input line 132.
(pdftex.def)             Requested size: 360.0pt x 167.23053pt.

<e5.png, id=43, 738.76pt x 305.14pt>
File: e5.png Graphic file (type png)
 <use e5.png>
Package pdftex.def Info: e5.png used on input line 138.
(pdftex.def)             Requested size: 360.0pt x 148.69577pt.

<e6.png, id=44, 743.77875pt x 347.2975pt>
File: e6.png Graphic file (type png)
 <use e6.png>
Package pdftex.def Info: e6.png used on input line 144.
(pdftex.def)             Requested size: 360.0pt x 168.09991pt.

Overfull \hbox (38.34653pt too wide) in paragraph at lines 152--168
[][] 
 []

LaTeX Info: Redefining \. on input line 171.
LaTeX Info: Redefining \% on input line 171.
File: ml.png Graphic file (type png)
<use ml.png>
Package pdftex.def Info: ml.png used on input line 171.
(pdftex.def)             Requested size: 28.80066pt x 17.32553pt.
 [8 <./e1.png> <./e2.png>]
LaTeX Info: Redefining \. on input line 171.
LaTeX Info: Redefining \% on input line 171.
LaTeX Info: Redefining \. on input line 171.
LaTeX Info: Redefining \% on input line 171.
File: ml.png Graphic file (type png)
 <use ml.png>
Package pdftex.def Info: ml.png used on input line 171.
(pdftex.def)             Requested size: 28.80066pt x 17.32553pt.
 [9 <./e3.png> <./e4.png>]
LaTeX Info: Redefining \. on input line 171.
LaTeX Info: Redefining \% on input line 171.
LaTeX Info: Redefining \. on input line 171.
LaTeX Info: Redefining \% on input line 171.
File: ml.png Graphic file (type png)

<use ml.png>
Package pdftex.def Info: ml.png used on input line 171.
(pdftex.def)             Requested size: 28.80066pt x 17.32553pt.
 [10 <./e5.png> <./e6.png>]
Overfull \hbox (38.35658pt too wide) in paragraph at lines 173--189
[][] 
 []

LaTeX Info: Redefining \. on input line 196.
LaTeX Info: Redefining \% on input line 196.
LaTeX Info: Redefining \. on input line 196.
LaTeX Info: Redefining \% on input line 196.
File: ml.png Graphic file (type png)
<use ml.png>
Package pdftex.def Info: ml.png used on input line 196.
(pdftex.def)             Requested size: 28.80066pt x 17.32553pt.
 [11]
Underfull \hbox (badness 10000) in paragraph at lines 198--200

 []


Underfull \hbox (badness 10000) in paragraph at lines 201--202

 []


Underfull \hbox (badness 10000) in paragraph at lines 203--204

 []


Underfull \hbox (badness 10000) in paragraph at lines 205--206

 []


Underfull \hbox (badness 10000) in paragraph at lines 207--208

 []


Underfull \hbox (badness 10000) in paragraph at lines 209--210

 []


Underfull \hbox (badness 10000) in paragraph at lines 217--218

 []

LaTeX Info: Redefining \. on input line 218.
LaTeX Info: Redefining \% on input line 218.
LaTeX Info: Redefining \. on input line 218.
LaTeX Info: Redefining \% on input line 218.
File: ml.png Graphic file (type png)
<use ml.png>
Package pdftex.def Info: ml.png used on input line 218.
(pdftex.def)             Requested size: 28.80066pt x 17.32553pt.
 [12]
Overfull \hbox (66.7964pt too wide) in paragraph at lines 220--251
[][] 
 []

LaTeX Info: Redefining \. on input line 256.
LaTeX Info: Redefining \% on input line 256.
LaTeX Info: Redefining \. on input line 256.
LaTeX Info: Redefining \% on input line 256.
File: ml.png Graphic file (type png)
<use ml.png>
Package pdftex.def Info: ml.png used on input line 256.
(pdftex.def)             Requested size: 28.80066pt x 17.32553pt.
 [13]
Underfull \hbox (badness 10000) in paragraph at lines 269--270

 []


Underfull \hbox (badness 10000) in paragraph at lines 271--272

 []

LaTeX Info: Redefining \. on input line 273.
LaTeX Info: Redefining \% on input line 273.
File: ml.png Graphic file (type png)
<use ml.png>
Package pdftex.def Info: ml.png used on input line 273.
(pdftex.def)             Requested size: 28.80066pt x 17.32553pt.
 [14]
Underfull \hbox (badness 10000) in paragraph at lines 275--276

 []


Overfull \hbox (38.35544pt too wide) in paragraph at lines 284--302
[][] 
 []

LaTeX Info: Redefining \. on input line 323.
LaTeX Info: Redefining \% on input line 323.
LaTeX Info: Redefining \. on input line 323.
LaTeX Info: Redefining \% on input line 323.
File: ml.png Graphic file (type png)
<use ml.png>
Package pdftex.def Info: ml.png used on input line 323.
(pdftex.def)             Requested size: 28.80066pt x 17.32553pt.
 [15]
LaTeX Info: Redefining \. on input line 341.
LaTeX Info: Redefining \% on input line 341.
LaTeX Info: Redefining \. on input line 341.
LaTeX Info: Redefining \% on input line 341.
File: ml.png Graphic file (type png)
 <use ml.png>
Package pdftex.def Info: ml.png used on input line 341.
(pdftex.def)             Requested size: 28.80066pt x 17.32553pt.
 [16]
Underfull \hbox (badness 10000) in paragraph at lines 345--346

 []

<mapa.png, id=74, 115.632pt x 149.55072pt>
File: mapa.png Graphic file (type png)
 <use mapa.png>
Package pdftex.def Info: mapa.png used on input line 351.
(pdftex.def)             Requested size: 198.0011pt x 256.09494pt.

<tablalenguas.PNG, id=75, 276.28218pt x 592.46344pt>
File: tablalenguas.PNG Graphic file (type png)
 <use tablalenguas.PNG>
Package pdftex.def Info: tablalenguas.PNG used on input line 359.
(pdftex.def)             Requested size: 216.0022pt x 463.1954pt.
LaTeX Info: Redefining \. on input line 363.
LaTeX Info: Redefining \% on input line 363.
File: ml.png Graphic file (type png)

<use ml.png>
Package pdftex.def Info: ml.png used on input line 363.
(pdftex.def)             Requested size: 28.80066pt x 17.32553pt.
 [17 <./mapa.png>]
<porhablantes.png, id=79, 244.915pt x 768.8725pt>
File: porhablantes.png Graphic file (type png)
 <use porhablantes.png>
Package pdftex.def Info: porhablantes.png used on input line 367.
(pdftex.def)             Requested size: 108.0011pt x 339.04407pt.
LaTeX Info: Redefining \. on input line 371.
LaTeX Info: Redefining \% on input line 371.
LaTeX Info: Redefining \. on input line 371.
LaTeX Info: Redefining \% on input line 371.
File: ml.png Graphic file (type png)

<use ml.png>
Package pdftex.def Info: ml.png used on input line 371.
(pdftex.def)             Requested size: 28.80066pt x 17.32553pt.
 [18 <./tablalenguas.PNG>]
LaTeX Info: Redefining \. on input line 373.
LaTeX Info: Redefining \% on input line 373.
LaTeX Info: Redefining \. on input line 373.
LaTeX Info: Redefining \% on input line 373.
File: ml.png Graphic file (type png)
 <use ml.png>
Package pdftex.def Info: ml.png used on input line 373.
(pdftex.def)             Requested size: 28.80066pt x 17.32553pt.
 [19 <./porhablantes.png>]
LaTeX Info: Redefining \. on input line 413.
LaTeX Info: Redefining \% on input line 413.
LaTeX Info: Redefining \. on input line 413.
LaTeX Info: Redefining \% on input line 413.
File: ml.png Graphic file (type png)

<use ml.png>
Package pdftex.def Info: ml.png used on input line 413.
(pdftex.def)             Requested size: 28.80066pt x 17.32553pt.
 [20]
LaTeX Info: Redefining \. on input line 425.
LaTeX Info: Redefining \% on input line 425.
LaTeX Info: Redefining \. on input line 425.
LaTeX Info: Redefining \% on input line 425.
File: ml.png Graphic file (type png)
 <use ml.png>
Package pdftex.def Info: ml.png used on input line 425.
(pdftex.def)             Requested size: 28.80066pt x 17.32553pt.
 [21]
Underfull \hbox (badness 10000) in paragraph at lines 430--431

 []


Underfull \hbox (badness 10000) in paragraph at lines 432--433

 []

LaTeX Info: Redefining \. on input line 433.
LaTeX Info: Redefining \% on input line 433.
LaTeX Info: Redefining \. on input line 433.
LaTeX Info: Redefining \% on input line 433.
File: ml.png Graphic file (type png)
<use ml.png>
Package pdftex.def Info: ml.png used on input line 433.
(pdftex.def)             Requested size: 28.80066pt x 17.32553pt.
 [22]
Underfull \hbox (badness 10000) in paragraph at lines 446--448

 []


Underfull \hbox (badness 10000) in paragraph at lines 446--448

 []


Underfull \hbox (badness 10000) in paragraph at lines 449--450

 []


Underfull \hbox (badness 10000) in paragraph at lines 449--450

 []

LaTeX Info: Redefining \. on input line 450.
LaTeX Info: Redefining \% on input line 450.
File: ml.png Graphic file (type png)
<use ml.png>
Package pdftex.def Info: ml.png used on input line 450.
(pdftex.def)             Requested size: 28.80066pt x 17.32553pt.
 [23] <oracion.png, id=102, 738.76pt x 63.23625pt>
File: oracion.png Graphic file (type png)

<use oracion.png>
Package pdftex.def Info: oracion.png used on input line 455.
(pdftex.def)             Requested size: 323.9978pt x 27.73332pt.

Underfull \hbox (badness 10000) in paragraph at lines 452--458

 []

LaTeX Info: Redefining \. on input line 471.
LaTeX Info: Redefining \% on input line 471.
LaTeX Info: Redefining \. on input line 471.
LaTeX Info: Redefining \% on input line 471.
File: ml.png Graphic file (type png)
<use ml.png>
Package pdftex.def Info: ml.png used on input line 471.
(pdftex.def)             Requested size: 28.80066pt x 17.32553pt.
 [24 <./oracion.png>] <er.png, id=108, 755.82375pt x 262.9825pt>
File: er.png Graphic file (type png)

<use er.png>
Package pdftex.def Info: er.png used on input line 475.
(pdftex.def)             Requested size: 323.9978pt x 112.73114pt.
 <arquitectura.png, id=109, 787.94376pt x 455.7025pt>
File: arquitectura.png Graphic file (type png)

<use arquitectura.png>
Package pdftex.def Info: arquitectura.png used on input line 485.
(pdftex.def)             Requested size: 323.9978pt x 187.38159pt.
LaTeX Info: Redefining \. on input line 490.
LaTeX Info: Redefining \% on input line 490.
LaTeX Info: Redefining \. on input line 490.
LaTeX Info: Redefining \% on input line 490.
File: ml.png Graphic file (type png)
 <use ml.png>
Package pdftex.def Info: ml.png used on input line 490.
(pdftex.def)             Requested size: 28.80066pt x 17.32553pt.
 [25 <./er.png> <./arquitectura.png>]
<arquitecturalogos.png, id=114, 794.97pt x 455.7025pt>
File: arquitecturalogos.png Graphic file (type png)

<use arquitecturalogos.png>
Package pdftex.def Info: arquitecturalogos.png used on input line 496.
(pdftex.def)             Requested size: 323.9978pt x 185.72667pt.
 <secuencia.png, id=115, 1387.1825pt x 608.2725pt>
File: secuencia.png Graphic file (type png)

<use secuencia.png>
Package pdftex.def Info: secuencia.png used on input line 505.
(pdftex.def)             Requested size: 251.9989pt x 110.496pt.
 <secuenciaoracion.jpeg, id=116, 694.595pt x 484.81125pt>
File: secuenciaoracion.jpeg Graphic file (type jpg)

<use secuenciaoracion.jpeg>
Package pdftex.def Info: secuenciaoracion.jpeg used on input line 514.
(pdftex.def)             Requested size: 396.0022pt x 276.41185pt.

Overfull \hbox (36.0022pt too wide) in paragraph at lines 514--515
 [][] 
 []

LaTeX Info: Redefining \. on input line 518.
LaTeX Info: Redefining \% on input line 518.
LaTeX Info: Redefining \. on input line 518.
LaTeX Info: Redefining \% on input line 518.
File: ml.png Graphic file (type png)
<use ml.png>
Package pdftex.def Info: ml.png used on input line 518.
(pdftex.def)             Requested size: 28.80066pt x 17.32553pt.
 [26 <./arquitecturalogos.png> <./secuencia.png>]
<secuenciaidiomas.jpeg, id=122, 696.6025pt x 565.11125pt>
File: secuenciaidiomas.jpeg Graphic file (type jpg)

<use secuenciaidiomas.jpeg>
Package pdftex.def Info: secuenciaidiomas.jpeg used on input line 523.
(pdftex.def)             Requested size: 431.9989pt x 350.45158pt.

Overfull \hbox (71.9989pt too wide) in paragraph at lines 523--524
 [][] 
 []

LaTeX Info: Redefining \. on input line 527.
LaTeX Info: Redefining \% on input line 527.
LaTeX Info: Redefining \. on input line 527.
LaTeX Info: Redefining \% on input line 527.
File: ml.png Graphic file (type png)
<use ml.png>
Package pdftex.def Info: ml.png used on input line 527.
(pdftex.def)             Requested size: 28.80066pt x 17.32553pt.
 [27 <./secuenciaoracion.jpeg>]
LaTeX Info: Redefining \. on input line 529.
LaTeX Info: Redefining \% on input line 529.
LaTeX Info: Redefining \. on input line 529.
LaTeX Info: Redefining \% on input line 529.
File: ml.png Graphic file (type png)
 <use ml.png>
Package pdftex.def Info: ml.png used on input line 529.
(pdftex.def)             Requested size: 28.80066pt x 17.32553pt.
 [28 <./secuenciaidiomas.jpeg>] <casouso.png, id=129, 433.62pt x 425.59pt>
File: casouso.png Graphic file (type png)
 <use casouso.png>
Package pdftex.def Info: casouso.png used on input line 533.
(pdftex.def)             Requested size: 288.0011pt x 282.68259pt.
LaTeX Info: Redefining \. on input line 538.
LaTeX Info: Redefining \% on input line 538.
LaTeX Info: Redefining \. on input line 538.
LaTeX Info: Redefining \% on input line 538.
File: ml.png Graphic file (type png)

<use ml.png>
Package pdftex.def Info: ml.png used on input line 538.
(pdftex.def)             Requested size: 28.80066pt x 17.32553pt.
 [29 <./casouso.png>]
LaTeX Font Info:    Try loading font information for OML+cmr on input line 551.


(/usr/share/texlive/texmf-dist/tex/latex/base/omlcmr.fd
File: omlcmr.fd 1999/05/25 v2.5h Standard LaTeX font definitions
)
LaTeX Font Info:    Font shape `OML/cmr/m/n' in size <10.95> not available
(Font)              Font shape `OML/cmm/m/it' tried instead on input line 551.

Overfull \hbox (7.92383pt too wide) in paragraph at lines 553--554
[][][][][][][][][][][][][][][][] 
 []


Overfull \hbox (21.06396pt too wide) in paragraph at lines 554--555
[][][][][][][][][][][][][][] 
 []


Overfull \hbox (27.63403pt too wide) in paragraph at lines 556--557
[][][][][][][][][][][][] 
 []


Overfull \hbox (1.35376pt too wide) in paragraph at lines 558--559
[][][][][][][][][][][][] 
 []

LaTeX Info: Redefining \. on input line 566.
LaTeX Info: Redefining \% on input line 566.
LaTeX Info: Redefining \. on input line 566.
LaTeX Info: Redefining \% on input line 566.
File: ml.png Graphic file (type png)
<use ml.png>
Package pdftex.def Info: ml.png used on input line 566.
(pdftex.def)             Requested size: 28.80066pt x 17.32553pt.
 [30]
LaTeX Info: Redefining \. on input line 579.
LaTeX Info: Redefining \% on input line 579.
File: ml.png Graphic file (type png)
 <use ml.png>
Package pdftex.def Info: ml.png used on input line 579.
(pdftex.def)             Requested size: 28.80066pt x 17.32553pt.
 [31]
LaTeX Info: Redefining \. on input line 586.
LaTeX Info: Redefining \% on input line 586.
File: ml.png Graphic file (type png)
 <use ml.png>
Package pdftex.def Info: ml.png used on input line 586.
(pdftex.def)             Requested size: 28.80066pt x 17.32553pt.
 [32]
Overfull \hbox (46.15428pt too wide) in paragraph at lines 591--592
[]\OT1/cmr/m/n/10.95 (2006). Len-guas ma-yen-ses. 2006, de Wi-ki-pe-dia Si-tio 
web: https://goo.gl/tpmgRJ 
 []


Overfull \hbox (70.59415pt too wide) in paragraph at lines 592--593
[]\OT1/cmr/m/n/10.95 (2002). Len-guas de Gua-te-ma-la. 2002, de Wi-ki-pe-dia Si
-tio web: https://goo.gl/TRjvVQ 
 []


Overfull \hbox (48.03886pt too wide) in paragraph at lines 594--595
[]\OT1/cmr/m/n/10.95 (1999). PHP 5 In-tro-duc-tion. 2016, de W3Schools Si-tio w
eb: https://goo.gl/lM91q 
 []


Overfull \hbox (74.28972pt too wide) in paragraph at lines 595--596
[]\OT1/cmr/m/n/10.95 (2002). Real Aca-de-mia Es-pa~nola. 2016, de Wi-ki-pe-dia 
Si-tio web: https://goo.gl/wU29ss 
 []


Overfull \hbox (1.97398pt too wide) in paragraph at lines 598--599
\OT1/cmr/m/n/10.95 viem-bre 1, 2016, de Pho-ne-GapS-pain Si-tio web: https://go
o.gl/qOV5EP 
 []


Overfull \hbox (48.49635pt too wide) in paragraph at lines 599--600
[]\OT1/cmr/m/n/10.95 Google. Crea atrac-ti-vos for-mu-la-rios., de Goo-gle Si-t
io web: https://goo.gl/XP1jpa 
 []


Overfull \hbox (59.59846pt too wide) in paragraph at lines 600--601
[]\OT1/cmr/m/n/10.95 (2002). La-TeX. 2016, de Wi-ki-pe-dia Si-tio web: https://
es.wikipedia.org/wiki/LaTeX 
 []


Overfull \hbox (20.0871pt too wide) in paragraph at lines 601--602
[]\OT1/cmr/m/n/10.95 WordPress Es-pa~nol. 2016, de Word-Press Si-tio web: https
://goo.gl/DSb6kU 
 []

LaTeX Info: Redefining \. on input line 604.
LaTeX Info: Redefining \% on input line 604.
File: ml.png Graphic file (type png)
<use ml.png>
Package pdftex.def Info: ml.png used on input line 604.
(pdftex.def)             Requested size: 28.80066pt x 17.32553pt.
 [33] <Gantt.png, id=148, 1207.51125pt x 531.9875pt>
File: Gantt.png Graphic file (type png)

<use Gantt.png>
Package pdftex.def Info: Gantt.png used on input line 610.
(pdftex.def)             Requested size: 360.0pt x 158.59903pt.
LaTeX Info: Redefining \. on input line 632.
LaTeX Info: Redefining \% on input line 632.
File: ml.png Graphic file (type png)
 <use ml.png>
Package pdftex.def Info: ml.png used on input line 632.
(pdftex.def)             Requested size: 28.80066pt x 17.32553pt.
 [34 <./Gantt.png>]
Underfull \hbox (badness 10000) in paragraph at lines 635--672

 []


Underfull \hbox (badness 10000) in paragraph at lines 635--672

 []


Underfull \hbox (badness 10000) in paragraph at lines 635--672

 []


Underfull \hbox (badness 10000) in paragraph at lines 635--672

 []


Underfull \hbox (badness 10000) in paragraph at lines 635--672

 []


Underfull \hbox (badness 10000) in paragraph at lines 635--672

 []


Underfull \hbox (badness 10000) in paragraph at lines 635--672

 []


Underfull \hbox (badness 10000) in paragraph at lines 635--672

 []


Underfull \hbox (badness 10000) in paragraph at lines 635--672

 []


Underfull \hbox (badness 10000) in paragraph at lines 635--672

 []


Underfull \hbox (badness 10000) in paragraph at lines 635--672

 []


Underfull \hbox (badness 10000) in paragraph at lines 635--672

 []


Underfull \hbox (badness 10000) in paragraph at lines 635--672

 []


Underfull \hbox (badness 10000) in paragraph at lines 635--672

 []


Underfull \hbox (badness 10000) in paragraph at lines 635--672

 []


Underfull \hbox (badness 10000) in paragraph at lines 635--672

 []


Underfull \hbox (badness 10000) in paragraph at lines 635--672

 []


Underfull \hbox (badness 10000) in paragraph at lines 635--672

 []


Underfull \hbox (badness 10000) in paragraph at lines 635--672

 []


Underfull \hbox (badness 10000) in paragraph at lines 635--672

 []


Underfull \hbox (badness 10000) in paragraph at lines 635--672

 []


Underfull \hbox (badness 10000) in paragraph at lines 635--672

 []


Underfull \hbox (badness 10000) in paragraph at lines 635--672

 []


Underfull \hbox (badness 10000) in paragraph at lines 635--672

 []


Underfull \hbox (badness 10000) in paragraph at lines 635--672

 []


Underfull \hbox (badness 10000) in paragraph at lines 635--672

 []


Underfull \hbox (badness 10000) in paragraph at lines 635--672

 []


Underfull \hbox (badness 10000) in paragraph at lines 635--672

 []


Underfull \hbox (badness 10000) in paragraph at lines 635--672

 []


Underfull \hbox (badness 10000) in paragraph at lines 635--672

 []


Underfull \hbox (badness 10000) in paragraph at lines 635--672

 []


Underfull \hbox (badness 10000) in paragraph at lines 635--672

 []


Underfull \hbox (badness 10000) in paragraph at lines 635--672

 []


Underfull \hbox (badness 10000) in paragraph at lines 635--672

 []


Underfull \hbox (badness 10000) in paragraph at lines 635--672

 []


Underfull \hbox (badness 10000) in paragraph at lines 635--672

 []

LaTeX Info: Redefining \. on input line 672.
LaTeX Info: Redefining \% on input line 672.
File: ml.png Graphic file (type png)
<use ml.png>
Package pdftex.def Info: ml.png used on input line 672.
(pdftex.def)             Requested size: 28.80066pt x 17.32553pt.
 [35]
LaTeX Info: Redefining \. on input line 672.
LaTeX Info: Redefining \% on input line 672.
File: ml.png Graphic file (type png)
 <use ml.png>
Package pdftex.def Info: ml.png used on input line 672.
(pdftex.def)             Requested size: 28.80066pt x 17.32553pt.
 [36] (./Mayaleng.aux (./glosarioacronimos.aux)
LaTeX Info: Redefining \. on input line 7.
LaTeX Info: Redefining \% on input line 7.
) ) 
Here is how much of TeX's memory you used:
 4709 strings out of 493304
 61438 string characters out of 6139872
 131629 words of memory out of 5000000
 8055 multiletter control sequences out of 15000+600000
 11779 words of font info for 43 fonts, out of 8000000 for 9000
 957 hyphenation exceptions out of 8191
 38i,15n,43p,832b,1213s stack positions out of 5000i,500n,10000p,200000b,80000s
</usr/share/texlive/texmf-dist/fonts/type1/public/amsfonts/cm/cmbx10.pfb></u
sr/share/texlive/texmf-dist/fonts/type1/public/amsfonts/cm/cmbx12.pfb></usr/sha
re/texlive/texmf-dist/fonts/type1/public/amsfonts/cm/cmbx8.pfb></usr/share/texl
ive/texmf-dist/fonts/type1/public/amsfonts/cm/cmbxti10.pfb></usr/share/texlive/
texmf-dist/fonts/type1/public/amsfonts/cm/cmmi10.pfb></usr/share/texlive/texmf-
dist/fonts/type1/public/amsfonts/cm/cmr10.pfb></usr/share/texlive/texmf-dist/fo
nts/type1/public/amsfonts/cm/cmr12.pfb></usr/share/texlive/texmf-dist/fonts/typ
e1/public/amsfonts/cm/cmr8.pfb></usr/share/texlive/texmf-dist/fonts/type1/publi
c/amsfonts/cm/cmsl10.pfb></usr/share/texlive/texmf-dist/fonts/type1/public/amsf
onts/cm/cmti10.pfb></usr/share/texlive/texmf-dist/fonts/type1/public/amsfonts/s
ymbols/msam10.pfb>
Output written on Mayaleng.pdf (37 pages, 1074164 bytes).
PDF statistics:
 198 PDF objects out of 1000 (max. 8388607)
 119 compressed objects within 2 object streams
 0 named destinations out of 1000 (max. 500000)
 101 words of extra memory for PDF output out of 10000 (max. 10000000)

